#
# There is insufficient memory for the Java Runtime Environment to continue.
# Native memory allocation (mmap) failed to map 134217728 bytes for Failed to commit area from 0x0000000081000000 to 0x0000000089000000 of length 134217728.
# Possible reasons:
#   The system is out of physical RAM or swap space
#   The process is running with CompressedOops enabled, and the Java Heap may be blocking the growth of the native heap
# Possible solutions:
#   Reduce memory load on the system
#   Increase physical memory or swap space
#   Check if swap backing store is full
#   Decrease Java heap size (-Xmx/-Xms)
#   Decrease number of Java threads
#   Decrease Java thread stack sizes (-Xss)
#   Set larger code cache with -XX:ReservedCodeCacheSize=
# This output file may be truncated or incomplete.
#
#  Out of Memory Error (t:/workspace/hotspot/src/os/windows/vm/os_windows.cpp:3357), pid=17116, tid=15872
#
# JRE version:  (9.0+11) (build )
# Java VM: Java HotSpot(TM) 64-Bit Server VM (9.0.4+11, mixed mode, tiered, compressed oops, g1 gc, windows-amd64)
# No core dump will be written. Minidumps are not enabled by default on client versions of Windows
#

---------------  S U M M A R Y ------------

Command Line: -agentlib:jdwp=transport=dt_socket,address=127.0.0.1:51069,suspend=y,server=n -Dmaven.multiModuleProjectDirectory=C:\Users\Administrator\IdeaProjects\pinyougou\pinyougou-web\pinyougou-search-web -Dmaven.home=C:\Mysoftware\apache-maven-3.3.9 -Dclassworlds.conf=C:\Mysoftware\apache-maven-3.3.9\bin\m2.conf -Dfile.encoding=UTF-8 org.codehaus.classworlds.Launcher -Didea.version=2017.3.2 -s C:\Mysoftware\apache-maven-3.3.9\conf\settings.xml -Dmaven.repo.local=C:\Mysoftware\repository tomcat7:run

Host: Intel(R) Core(TM) i5-4210U CPU @ 1.70GHz, 4 cores, 7G,  Windows 10 , 64 bit Build 14393 (10.0.14393.2608)
Time: Mon Feb 18 16:30:15 2019 ?D1¨²¡À¨º¡Á?¨º¡À?? elapsed time: 0 seconds (0d 0h 0m 0s)

---------------  T H R E A D  ---------------

Current thread (0x000001b5266dd000):  JavaThread "Unknown thread" [_thread_in_vm, id=15872, stack(0x0000005a87a00000,0x0000005a87b00000)]

Stack: [0x0000005a87a00000,0x0000005a87b00000]
Native frames: (J=compiled Java code, j=interpreted, Vv=VM code, C=native code)
V  [jvm.dll+0x587068]
V  [jvm.dll+0x69c25e]
V  [jvm.dll+0x69d17a]
V  [jvm.dll+0x69d7b3]
V  [jvm.dll+0x21d198]
V  [jvm.dll+0x584bb4]
V  [jvm.dll+0x57a095]
V  [jvm.dll+0x2cd67b]
V  [jvm.dll+0x2cd5e3]
V  [jvm.dll+0x2cd4b2]
V  [jvm.dll+0x2cf4b3]
V  [jvm.dll+0x3191e3]
V  [jvm.dll+0x3198f6]
V  [jvm.dll+0x3192e3]
V  [jvm.dll+0x2adeb8]
V  [jvm.dll+0x2af0e7]
V  [jvm.dll+0x67b34d]
V  [jvm.dll+0x67c70c]
V  [jvm.dll+0x3269c9]
V  [jvm.dll+0x66555e]
V  [jvm.dll+0x391811]
V  [jvm.dll+0x3937c1]
C  [java.exe+0x34f1]
C  [java.exe+0xe24f]
C  [java.exe+0xe3f6]
C  [KERNEL32.DLL+0x8364]
C  [ntdll.dll+0x6e851]


---------------  P R O C E S S  ---------------

Java Threads: ( => current thread )

Other Threads:
  0x000001b5266f7000 GCTaskThread "GC Thread#0" [stack: 0x0000005a87b00000,0x0000005a87c00000] [id=17236]
  0x000001b5266f8800 GCTaskThread "GC Thread#1" [stack: 0x0000005a87c00000,0x0000005a87d00000] [id=17244]
  0x000001b5266fa000 GCTaskThread "GC Thread#2" [stack: 0x0000005a87d00000,0x0000005a87e00000] [id=17188]
  0x000001b5266fd000 GCTaskThread "GC Thread#3" [stack: 0x0000005a87e00000,0x0000005a87f00000] [id=17252]
  0x000001b526783800 ConcurrentGCThread "G1 Main Marker" [stack: 0x0000005a88400000,0x0000005a88500000] [id=16700]
  0x000001b526784000 ConcurrentGCThread "G1 Marker#0" [stack: 0x0000005a88500000,0x0000005a88600000] [id=17204]
  0x000001b52670d800 ConcurrentGCThread "G1 Refine#0" [stack: 0x0000005a88200000,0x0000005a88300000] [id=17036]
  0x000001b52670c000 ConcurrentGCThread "G1 Refine#1" [stack: 0x0000005a88100000,0x0000005a88200000] [id=16820]
  0x000001b526708000 ConcurrentGCThread "G1 Refine#2" [stack: 0x0000005a88000000,0x0000005a88100000] [id=17268]
  0x000001b526704000 ConcurrentGCThread "G1 Refine#3" [stack: 0x0000005a87f00000,0x0000005a88000000] [id=17264]
  0x000001b526717000 ConcurrentGCThread "G1 Young RemSet Sampling" [stack: 0x0000005a88300000,0x0000005a88400000] [id=16688]

=>0x000001b5266dd000 (exited) JavaThread "Unknown thread" [_thread_in_vm, id=15872, stack(0x0000005a87a00000,0x0000005a87b00000)]

Threads with active compile tasks:

VM state:not at safepoint (not fully initialized)

VM Mutex/Monitor currently owned by a thread:  ([mutex/lock_event])
[0x000001b5266db960] Heap_lock - owner thread: 0x000001b5266dd000

Heap address: 0x0000000081000000, size: 2032 MB, Compressed Oops mode: Non-zero based: 0x0000000081000000
Narrow klass base: 0x0000000000000000, Narrow klass shift: 0

GC Heap History (0 events):
No events

Deoptimization events (0 events):
No events

Classes redefined (0 events):
No events

Internal exceptions (0 events):
No events

Events (0 events):
No events


Dynamic libraries:
0x00007ff7ab1a0000 - 0x00007ff7ab1de000 	C:\Mysoftware\Java\jdk-9.0.4\bin\java.exe
0x00007ffd80680000 - 0x00007ffd80850000 	C:\Windows\SYSTEM32\ntdll.dll
0x00007ffd7ffd0000 - 0x00007ffd8007c000 	C:\Windows\System32\KERNEL32.DLL
0x00007ffd7d430000 - 0x00007ffd7d64d000 	C:\Windows\System32\KERNELBASE.dll
0x00007ffd802f0000 - 0x00007ffd80392000 	C:\Windows\System32\ADVAPI32.dll
0x00007ffd80130000 - 0x00007ffd801ce000 	C:\Windows\System32\msvcrt.dll
0x00007ffd803a0000 - 0x00007ffd803f9000 	C:\Windows\System32\sechost.dll
0x00007ffd80400000 - 0x00007ffd80521000 	C:\Windows\System32\RPCRT4.dll
0x00007ffd7f920000 - 0x00007ffd7fa85000 	C:\Windows\System32\USER32.dll
0x00007ffd7d810000 - 0x00007ffd7d82e000 	C:\Windows\System32\win32u.dll
0x00007ffd800f0000 - 0x00007ffd80124000 	C:\Windows\System32\GDI32.dll
0x00007ffd7cb70000 - 0x00007ffd7ccf1000 	C:\Windows\System32\gdi32full.dll
0x00007ffd738c0000 - 0x00007ffd73b3a000 	C:\Windows\WinSxS\amd64_microsoft.windows.common-controls_6595b64144ccf1df_6.0.14393.2608_none_7ddacc7e8347078e\COMCTL32.dll
0x00007ffd79270000 - 0x00007ffd7927a000 	C:\Windows\SYSTEM32\VERSION.dll
0x00007ffd7f650000 - 0x00007ffd7f915000 	C:\Windows\System32\combase.dll
0x00007ffd7db10000 - 0x00007ffd7dc04000 	C:\Windows\System32\ucrtbase.dll
0x00007ffd7d650000 - 0x00007ffd7d6ba000 	C:\Windows\System32\bcryptPrimitives.dll
0x00007ffd7f620000 - 0x00007ffd7f64e000 	C:\Windows\System32\IMM32.DLL
0x00007ffd521d0000 - 0x00007ffd522bf000 	C:\Mysoftware\Java\jdk-9.0.4\bin\msvcr120.dll
0x00007ffd53240000 - 0x00007ffd532e6000 	C:\Mysoftware\Java\jdk-9.0.4\bin\msvcp120.dll
0x0000000054fc0000 - 0x00000000559e5000 	C:\Mysoftware\Java\jdk-9.0.4\bin\server\jvm.dll
0x00007ffd7f4b0000 - 0x00007ffd7f4b8000 	C:\Windows\System32\PSAPI.DLL
0x00007ffd6e680000 - 0x00007ffd6e689000 	C:\Windows\SYSTEM32\WSOCK32.dll
0x00007ffd7afd0000 - 0x00007ffd7aff3000 	C:\Windows\SYSTEM32\WINMM.dll
0x00007ffd7ff60000 - 0x00007ffd7ffca000 	C:\Windows\System32\WS2_32.dll
0x00007ffd7af70000 - 0x00007ffd7af9b000 	C:\Windows\SYSTEM32\winmmbase.dll
0x00007ffd7d3e0000 - 0x00007ffd7d422000 	C:\Windows\System32\cfgmgr32.dll
0x00007ffd71ce0000 - 0x00007ffd71cef000 	C:\Mysoftware\Java\jdk-9.0.4\bin\verify.dll
0x00007ffd5c290000 - 0x00007ffd5c2b7000 	C:\Mysoftware\Java\jdk-9.0.4\bin\java.dll
0x00007ffd62a00000 - 0x00007ffd62a36000 	C:\Mysoftware\Java\jdk-9.0.4\bin\jdwp.dll
0x00007ffd62ba0000 - 0x00007ffd62bb6000 	C:\Mysoftware\Java\jdk-9.0.4\bin\zip.dll
0x00007ffd6efd0000 - 0x00007ffd6efda000 	C:\Mysoftware\Java\jdk-9.0.4\bin\jimage.dll
0x00007ffd6e6c0000 - 0x00007ffd6e852000 	C:\Windows\SYSTEM32\dbghelp.dll

VM Arguments:
jvm_args: -agentlib:jdwp=transport=dt_socket,address=127.0.0.1:51069,suspend=y,server=n -Dmaven.multiModuleProjectDirectory=C:\Users\Administrator\IdeaProjects\pinyougou\pinyougou-web\pinyougou-search-web -Dmaven.home=C:\Mysoftware\apache-maven-3.3.9 -Dclassworlds.conf=C:\Mysoftware\apache-maven-3.3.9\bin\m2.conf -Dfile.encoding=UTF-8 
java_command: org.codehaus.classworlds.Launcher -Didea.version=2017.3.2 -s C:\Mysoftware\apache-maven-3.3.9\conf\settings.xml -Dmaven.repo.local=C:\Mysoftware\repository tomcat7:run
java_class_path (initial): C:\Mysoftware\apache-maven-3.3.9\boot\plexus-classworlds-2.5.2.jar;C:\Mysoftware\JetBrains\IntelliJ IDEA 2017.3.2\lib\idea_rt.jar
Launcher Type: SUN_STANDARD

Logging:
Log output configuration:
#0: stdout all=warning uptime,level,tags
#1: stderr all=off uptime,level,tags

Environment Variables:
JAVA_HOME=C:\Mysoftware\Java\jdk-7u80
PATH=C:\Mysoftware\Oracle\oracle\bin;C:\Mysoftware\Java\jdk-7u80\bin;C:\ProgramData\Oracle\Java\javapath;C:\Windows\system32;C:\Windows;C:\Windows\System32\Wbem;C:\Windows\System32\WindowsPowerShell\v1.0\;C:\Mysoftware\MySQL\MySQL Server 5.5\bin;C:\Program Files\MySQL\MySQL Server 5.5\bin;C:\Mysoftware\apache-maven-3.3.9\bin;C:\Mysoftware\svnServer\svnServer\bin;C:\Mysoftware\TortoiseSVN\bin;C:\Mysoftware\Git\cmd;C:\Mysoftware\TortoiseGit\bin;C:\Program Files\MongoDB\Server\3.2\bin;C:\Mysoftware\nodejs;C:\Users\Administrator\AppData\Local\Microsoft\WindowsApps;;C:\Mysoftware\SSHSecureShellClient-3.2.9;C:\Users\Administrator\AppData\Roaming\npm;C:\Users\Administrator\AppData\Local\Programs\Fiddler
USERNAME=Administrator
OS=Windows_NT
PROCESSOR_IDENTIFIER=Intel64 Family 6 Model 69 Stepping 1, GenuineIntel



---------------  S Y S T E M  ---------------

OS: Windows 10 , 64 bit Build 14393 (10.0.14393.2608)

CPU:total 4 (initial active 4) (2 cores per cpu, 2 threads per core) family 6 model 69 stepping 1, cmov, cx8, fxsr, mmx, sse, sse2, sse3, ssse3, sse4.1, sse4.2, popcnt, avx, avx2, aes, clmul, erms, lzcnt, ht, tsc, tscinvbit, bmi1, bmi2, fma

Memory: 4k page, physical 8321324k(234948k free), swap 13781424k(63304k free)

vm_info: Java HotSpot(TM) 64-Bit Server VM (9.0.4+11) for windows-amd64 JRE (9.0.4+11), built on Dec 20 2017 02:18:54 by "mach5one" with MS VC++ 12.0 (VS2013)

END.
